<?xml version="1.0" encoding="UTF-8"?>
<testng-results ignored="0" total="2" passed="2" failed="0" skipped="0">
  <reporter-output>
  </reporter-output>
  <suite started-at="2024-02-23T22:51:35 IST" name="Default suite" finished-at="2024-02-23T22:52:25 IST" duration-ms="50271">
    <groups>
    </groups>
    <test started-at="2024-02-23T22:51:35 IST" name="Default test" finished-at="2024-02-23T22:52:25 IST" duration-ms="50271">
      <class name="www.NopeCommerceTestCases.com.Login">
        <test-method is-config="true" signature="setup()[pri:0, instance:www.NopeCommerceTestCases.com.Login@3932c79a]" started-at="2024-02-23T22:51:35 IST" name="setup" finished-at="2024-02-23T22:51:35 IST" duration-ms="221" status="PASS">
          <reporter-output>
          </reporter-output>
        </test-method> <!-- setup -->
        <test-method is-config="true" signature="IntializeBrowser()[pri:0, instance:www.NopeCommerceTestCases.com.Login@3932c79a]" started-at="2024-02-23T22:51:35 IST" name="IntializeBrowser" finished-at="2024-02-23T22:52:05 IST" duration-ms="30341" status="PASS">
          <reporter-output>
          </reporter-output>
        </test-method> <!-- IntializeBrowser -->
        <test-method signature="PosTestlog()[pri:1, instance:www.NopeCommerceTestCases.com.Login@3932c79a]" started-at="2024-02-23T22:52:05 IST" name="PosTestlog" finished-at="2024-02-23T22:52:13 IST" duration-ms="7616" status="PASS">
          <reporter-output>
          </reporter-output>
        </test-method> <!-- PosTestlog -->
        <test-method is-config="true" signature="tearDown(org.testng.ITestResult)[pri:0, instance:www.NopeCommerceTestCases.com.Login@3932c79a]" started-at="2024-02-23T22:52:13 IST" name="tearDown" finished-at="2024-02-23T22:52:14 IST" duration-ms="1192" status="PASS">
          <params>
            <param index="0">
              <value>
                <![CDATA[[TestResult name=PosTestlog status=SUCCESS method=Login.PosTestlog()[pri:1, instance:www.NopeCommerceTestCases.com.Login@3932c79a] output={null}]]]>
              </value>
            </param>
          </params>
          <reporter-output>
          </reporter-output>
        </test-method> <!-- tearDown -->
        <test-method is-config="true" signature="IntializeBrowser()[pri:0, instance:www.NopeCommerceTestCases.com.Login@3932c79a]" started-at="2024-02-23T22:52:14 IST" name="IntializeBrowser" finished-at="2024-02-23T22:52:16 IST" duration-ms="2131" status="PASS">
          <reporter-output>
          </reporter-output>
        </test-method> <!-- IntializeBrowser -->
        <test-method signature="NegTestlog()[pri:2, instance:www.NopeCommerceTestCases.com.Login@3932c79a]" started-at="2024-02-23T22:52:16 IST" name="NegTestlog" finished-at="2024-02-23T22:52:25 IST" duration-ms="8414" status="PASS">
          <reporter-output>
          </reporter-output>
        </test-method> <!-- NegTestlog -->
        <test-method is-config="true" signature="tearDown(org.testng.ITestResult)[pri:0, instance:www.NopeCommerceTestCases.com.Login@3932c79a]" started-at="2024-02-23T22:52:25 IST" name="tearDown" finished-at="2024-02-23T22:52:25 IST" duration-ms="303" status="PASS">
          <params>
            <param index="0">
              <value>
                <![CDATA[[TestResult name=NegTestlog status=SUCCESS method=Login.NegTestlog()[pri:2, instance:www.NopeCommerceTestCases.com.Login@3932c79a] output={null}]]]>
              </value>
            </param>
          </params>
          <reporter-output>
          </reporter-output>
        </test-method> <!-- tearDown -->
      </class> <!-- www.NopeCommerceTestCases.com.Login -->
    </test> <!-- Default test -->
  </suite> <!-- Default suite -->
</testng-results>
